<?xml version="1.0" encoding="UTF-8"?>
<TestRun id="5a110517-fccf-4f81-9624-580b1c9f2ba0" name="Vasya@TP-X220-2 2015-01-19 18:10:33" runUser="TP-X220-2\Vasya" xmlns="http://microsoft.com/schemas/VisualStudio/TeamTest/2010">
  <TestSettings name="Local" id="8084e574-4d63-4013-b7c3-116ebeeb94fb">
    <Description>These are default test settings for a local test run.</Description>
    <Deployment enabled="false" runDeploymentRoot="Vasya_TP-X220-2 2015-01-19 18_10_33">
      <DeploymentItem filename="C:\Users\Vasya\Desktop\GitWeatherProject\WeatherProject\HistoryOfObservations\HistoryOfObservations\bin\Debug\HistoryOfObservations.dll" />
    </Deployment>
    <Execution>
      <TestTypeSpecific />
      <AgentRule name="Execution Agents">
      </AgentRule>
    </Execution>
  </TestSettings>
  <Times creation="2015-01-19T18:10:33.2361071+03:00" queuing="2015-01-19T18:10:33.4471192+03:00" start="2015-01-19T18:10:33.4541196+03:00" finish="2015-01-19T18:10:33.7481364+03:00" />
  <ResultSummary outcome="Completed">
    <Counters total="7" executed="7" passed="7" error="0" failed="0" timeout="0" aborted="0" inconclusive="0" passedButRunAborted="0" notRunnable="0" notExecuted="0" disconnected="0" warning="0" completed="0" inProgress="0" pending="0" />
  </ResultSummary>
  <TestDefinitions>
    <UnitTest name="TwoObservationsForOneDateIsNotAllowed" storage="c:\users\vasya\desktop\gitweatherproject\weatherproject\historyofobservations\testproject\bin\debug\testproject.dll" id="b2dc3992-c018-ce93-e96f-05d349ab5bc8">
      <Execution id="b827882c-c734-4869-8887-82f15b905181" />
      <TestMethod codeBase="C:/Users/Vasya/Desktop/GitWeatherProject/WeatherProject/HistoryOfObservations/TestProject/bin/Debug/TestProject.DLL" adapterTypeName="Microsoft.VisualStudio.TestTools.TestTypes.Unit.UnitTestAdapter, Microsoft.VisualStudio.QualityTools.Tips.UnitTest.Adapter, Version=10.0.0.0, Culture=neutral, PublicKeyToken=b03f5f7f11d50a3a" className="TestProject.UnitWeatherTest, TestProject, Version=1.0.0.0, Culture=neutral, PublicKeyToken=null" name="TwoObservationsForOneDateIsNotAllowed" />
    </UnitTest>
    <UnitTest name="FirstDateOfHistoryTest" storage="c:\users\vasya\desktop\gitweatherproject\weatherproject\historyofobservations\testproject\bin\debug\testproject.dll" id="787b04a4-a5fe-52b3-942a-743b635cde2e">
      <Execution id="df669966-1ebb-4bf5-8d32-88c4796e7eeb" />
      <TestMethod codeBase="C:/Users/Vasya/Desktop/GitWeatherProject/WeatherProject/HistoryOfObservations/TestProject/bin/Debug/TestProject.DLL" adapterTypeName="Microsoft.VisualStudio.TestTools.TestTypes.Unit.UnitTestAdapter, Microsoft.VisualStudio.QualityTools.Tips.UnitTest.Adapter, Version=10.0.0.0, Culture=neutral, PublicKeyToken=b03f5f7f11d50a3a" className="TestProject.UnitWeatherTest, TestProject, Version=1.0.0.0, Culture=neutral, PublicKeyToken=null" name="FirstDateOfHistoryTest" />
    </UnitTest>
    <UnitTest name="MailProviderTest" storage="c:\users\vasya\desktop\gitweatherproject\weatherproject\historyofobservations\testproject\bin\debug\testproject.dll" id="8ce59ba4-54da-1eab-17ec-b36ff8ae2a48">
      <Execution id="304166f0-d57f-4d3a-9fcb-f0c569c606a0" />
      <TestMethod codeBase="C:/Users/Vasya/Desktop/GitWeatherProject/WeatherProject/HistoryOfObservations/TestProject/bin/Debug/TestProject.DLL" adapterTypeName="Microsoft.VisualStudio.TestTools.TestTypes.Unit.UnitTestAdapter, Microsoft.VisualStudio.QualityTools.Tips.UnitTest.Adapter, Version=10.0.0.0, Culture=neutral, PublicKeyToken=b03f5f7f11d50a3a" className="TestProject.MistakeExpectedValueAnaliserTest, TestProject, Version=1.0.0.0, Culture=neutral, PublicKeyToken=null" name="MailProviderTest" />
    </UnitTest>
    <UnitTest name="GetMaximumMistaceForNDayPredictionTest" storage="c:\users\vasya\desktop\gitweatherproject\weatherproject\historyofobservations\testproject\bin\debug\testproject.dll" id="14bfe455-94d5-57a0-5628-918ec4dcc95b">
      <DeploymentItems>
        <DeploymentItem filename="HistoryOfObservations.dll" />
      </DeploymentItems>
      <Execution id="2bebd3f5-dd73-416c-8d62-fe0dd3e9e364" />
      <TestMethod codeBase="C:/Users/Vasya/Desktop/GitWeatherProject/WeatherProject/HistoryOfObservations/TestProject/bin/Debug/TestProject.DLL" adapterTypeName="Microsoft.VisualStudio.TestTools.TestTypes.Unit.UnitTestAdapter, Microsoft.VisualStudio.QualityTools.Tips.UnitTest.Adapter, Version=10.0.0.0, Culture=neutral, PublicKeyToken=b03f5f7f11d50a3a" className="TestProject.MaxMistaceAnalizatorTest, TestProject, Version=1.0.0.0, Culture=neutral, PublicKeyToken=null" name="GetMaximumMistaceForNDayPredictionTest" />
    </UnitTest>
    <UnitTest name="YandexProviderTest" storage="c:\users\vasya\desktop\gitweatherproject\weatherproject\historyofobservations\testproject\bin\debug\testproject.dll" id="ab19f450-ec53-6d30-c599-4dfcbd0d6112">
      <Execution id="dbee9fc6-408a-4127-8819-df4c224ff8a0" />
      <TestMethod codeBase="C:/Users/Vasya/Desktop/GitWeatherProject/WeatherProject/HistoryOfObservations/TestProject/bin/Debug/TestProject.DLL" adapterTypeName="Microsoft.VisualStudio.TestTools.TestTypes.Unit.UnitTestAdapter, Microsoft.VisualStudio.QualityTools.Tips.UnitTest.Adapter, Version=10.0.0.0, Culture=neutral, PublicKeyToken=b03f5f7f11d50a3a" className="TestProject.MistakeExpectedValueAnaliserTest, TestProject, Version=1.0.0.0, Culture=neutral, PublicKeyToken=null" name="YandexProviderTest" />
    </UnitTest>
    <UnitTest name="TestMethod1" storage="c:\users\vasya\desktop\gitweatherproject\weatherproject\historyofobservations\testproject\bin\debug\testproject.dll" id="9581082c-831d-babe-1bf3-1cd972a5011a">
      <Execution id="83cd561f-835c-41be-9aab-4070350edf21" />
      <TestMethod codeBase="C:/Users/Vasya/Desktop/GitWeatherProject/WeatherProject/HistoryOfObservations/TestProject/bin/Debug/TestProject.DLL" adapterTypeName="Microsoft.VisualStudio.TestTools.TestTypes.Unit.UnitTestAdapter, Microsoft.VisualStudio.QualityTools.Tips.UnitTest.Adapter, Version=10.0.0.0, Culture=neutral, PublicKeyToken=b03f5f7f11d50a3a" className="TestProject.MistakeExpectedValueAnaliserTest, TestProject, Version=1.0.0.0, Culture=neutral, PublicKeyToken=null" name="TestMethod1" />
    </UnitTest>
    <UnitTest name="TwoObservationsForOneDateWithDifferentTimesIsNotAllowed" storage="c:\users\vasya\desktop\gitweatherproject\weatherproject\historyofobservations\testproject\bin\debug\testproject.dll" id="2b0277b2-aff4-7df5-f768-8bf884f8778a">
      <Execution id="26f77616-16d4-466e-9653-2ee6d0537d58" />
      <TestMethod codeBase="C:/Users/Vasya/Desktop/GitWeatherProject/WeatherProject/HistoryOfObservations/TestProject/bin/Debug/TestProject.DLL" adapterTypeName="Microsoft.VisualStudio.TestTools.TestTypes.Unit.UnitTestAdapter, Microsoft.VisualStudio.QualityTools.Tips.UnitTest.Adapter, Version=10.0.0.0, Culture=neutral, PublicKeyToken=b03f5f7f11d50a3a" className="TestProject.UnitWeatherTest, TestProject, Version=1.0.0.0, Culture=neutral, PublicKeyToken=null" name="TwoObservationsForOneDateWithDifferentTimesIsNotAllowed" />
    </UnitTest>
  </TestDefinitions>
  <TestLists>
    <TestList name="Results Not in a List" id="8c84fa94-04c1-424b-9868-57a2d4851a1d" />
    <TestList name="All Loaded Results" id="19431567-8539-422a-85d7-44ee4e166bda" />
  </TestLists>
  <TestEntries>
    <TestEntry testId="14bfe455-94d5-57a0-5628-918ec4dcc95b" executionId="2bebd3f5-dd73-416c-8d62-fe0dd3e9e364" testListId="8c84fa94-04c1-424b-9868-57a2d4851a1d" />
    <TestEntry testId="2b0277b2-aff4-7df5-f768-8bf884f8778a" executionId="26f77616-16d4-466e-9653-2ee6d0537d58" testListId="8c84fa94-04c1-424b-9868-57a2d4851a1d" />
    <TestEntry testId="787b04a4-a5fe-52b3-942a-743b635cde2e" executionId="df669966-1ebb-4bf5-8d32-88c4796e7eeb" testListId="8c84fa94-04c1-424b-9868-57a2d4851a1d" />
    <TestEntry testId="8ce59ba4-54da-1eab-17ec-b36ff8ae2a48" executionId="304166f0-d57f-4d3a-9fcb-f0c569c606a0" testListId="8c84fa94-04c1-424b-9868-57a2d4851a1d" />
    <TestEntry testId="9581082c-831d-babe-1bf3-1cd972a5011a" executionId="83cd561f-835c-41be-9aab-4070350edf21" testListId="8c84fa94-04c1-424b-9868-57a2d4851a1d" />
    <TestEntry testId="ab19f450-ec53-6d30-c599-4dfcbd0d6112" executionId="dbee9fc6-408a-4127-8819-df4c224ff8a0" testListId="8c84fa94-04c1-424b-9868-57a2d4851a1d" />
    <TestEntry testId="b2dc3992-c018-ce93-e96f-05d349ab5bc8" executionId="b827882c-c734-4869-8887-82f15b905181" testListId="8c84fa94-04c1-424b-9868-57a2d4851a1d" />
  </TestEntries>
  <Results>
    <UnitTestResult executionId="2bebd3f5-dd73-416c-8d62-fe0dd3e9e364" testId="14bfe455-94d5-57a0-5628-918ec4dcc95b" testName="GetMaximumMistaceForNDayPredictionTest" computerName="TP-X220-2" duration="00:00:00.0128629" startTime="2015-01-19T18:10:33.4571198+03:00" endTime="2015-01-19T18:10:33.6291296+03:00" testType="13cdc9d9-ddb5-4fa4-a97d-d965ccfc6d4b" outcome="Passed" testListId="8c84fa94-04c1-424b-9868-57a2d4851a1d" relativeResultsDirectory="2bebd3f5-dd73-416c-8d62-fe0dd3e9e364">
    </UnitTestResult>
    <UnitTestResult executionId="26f77616-16d4-466e-9653-2ee6d0537d58" testId="2b0277b2-aff4-7df5-f768-8bf884f8778a" testName="TwoObservationsForOneDateWithDifferentTimesIsNotAllowed" computerName="TP-X220-2" duration="00:00:00.0025100" startTime="2015-01-19T18:10:33.6311297+03:00" endTime="2015-01-19T18:10:33.6351300+03:00" testType="13cdc9d9-ddb5-4fa4-a97d-d965ccfc6d4b" outcome="Passed" testListId="8c84fa94-04c1-424b-9868-57a2d4851a1d" relativeResultsDirectory="26f77616-16d4-466e-9653-2ee6d0537d58">
    </UnitTestResult>
    <UnitTestResult executionId="df669966-1ebb-4bf5-8d32-88c4796e7eeb" testId="787b04a4-a5fe-52b3-942a-743b635cde2e" testName="FirstDateOfHistoryTest" computerName="TP-X220-2" duration="00:00:00.0002998" startTime="2015-01-19T18:10:33.6361300+03:00" endTime="2015-01-19T18:10:33.6391302+03:00" testType="13cdc9d9-ddb5-4fa4-a97d-d965ccfc6d4b" outcome="Passed" testListId="8c84fa94-04c1-424b-9868-57a2d4851a1d" relativeResultsDirectory="df669966-1ebb-4bf5-8d32-88c4796e7eeb">
    </UnitTestResult>
    <UnitTestResult executionId="304166f0-d57f-4d3a-9fcb-f0c569c606a0" testId="8ce59ba4-54da-1eab-17ec-b36ff8ae2a48" testName="MailProviderTest" computerName="TP-X220-2" duration="00:00:00.0717351" startTime="2015-01-19T18:10:33.6391302+03:00" endTime="2015-01-19T18:10:33.7131344+03:00" testType="13cdc9d9-ddb5-4fa4-a97d-d965ccfc6d4b" outcome="Passed" testListId="8c84fa94-04c1-424b-9868-57a2d4851a1d" relativeResultsDirectory="304166f0-d57f-4d3a-9fcb-f0c569c606a0">
    </UnitTestResult>
    <UnitTestResult executionId="83cd561f-835c-41be-9aab-4070350edf21" testId="9581082c-831d-babe-1bf3-1cd972a5011a" testName="TestMethod1" computerName="TP-X220-2" duration="00:00:00.0014458" startTime="2015-01-19T18:10:33.7151345+03:00" endTime="2015-01-19T18:10:33.7191348+03:00" testType="13cdc9d9-ddb5-4fa4-a97d-d965ccfc6d4b" outcome="Passed" testListId="8c84fa94-04c1-424b-9868-57a2d4851a1d" relativeResultsDirectory="83cd561f-835c-41be-9aab-4070350edf21">
    </UnitTestResult>
    <UnitTestResult executionId="dbee9fc6-408a-4127-8819-df4c224ff8a0" testId="ab19f450-ec53-6d30-c599-4dfcbd0d6112" testName="YandexProviderTest" computerName="TP-X220-2" duration="00:00:00.0095474" startTime="2015-01-19T18:10:33.7211349+03:00" endTime="2015-01-19T18:10:33.7321355+03:00" testType="13cdc9d9-ddb5-4fa4-a97d-d965ccfc6d4b" outcome="Passed" testListId="8c84fa94-04c1-424b-9868-57a2d4851a1d" relativeResultsDirectory="dbee9fc6-408a-4127-8819-df4c224ff8a0">
    </UnitTestResult>
    <UnitTestResult executionId="b827882c-c734-4869-8887-82f15b905181" testId="b2dc3992-c018-ce93-e96f-05d349ab5bc8" testName="TwoObservationsForOneDateIsNotAllowed" computerName="TP-X220-2" duration="00:00:00.0006955" startTime="2015-01-19T18:10:33.7331356+03:00" endTime="2015-01-19T18:10:33.7361357+03:00" testType="13cdc9d9-ddb5-4fa4-a97d-d965ccfc6d4b" outcome="Passed" testListId="8c84fa94-04c1-424b-9868-57a2d4851a1d" relativeResultsDirectory="b827882c-c734-4869-8887-82f15b905181">
    </UnitTestResult>
  </Results>
</TestRun>