<?xml version="1.0" encoding="UTF-8"?>
<TestRun id="f6da14c5-3b49-4ee5-a084-1bd633fadb8d" name="Vasya@TP-X220-2 2015-01-19 10:13:25" runUser="TP-X220-2\Vasya" xmlns="http://microsoft.com/schemas/VisualStudio/TeamTest/2010">
  <TestSettings name="Local" id="8084e574-4d63-4013-b7c3-116ebeeb94fb">
    <Description>These are default test settings for a local test run.</Description>
    <Deployment userDeploymentRoot="C:\Users\Vasya\Desktop\GitWeatherProject\WeatherProject\HistoryOfObservations\TestResults" useDefaultDeploymentRoot="false" enabled="false" runDeploymentRoot="Vasya_TP-X220-2 2015-01-19 10_13_25">
      <DeploymentItem filename="C:\Users\Vasya\Desktop\GitWeatherProject\WeatherProject\HistoryOfObservations\HistoryOfObservations\bin\Debug\HistoryOfObservations.dll" />
    </Deployment>
    <Execution>
      <TestTypeSpecific />
      <AgentRule name="Execution Agents">
      </AgentRule>
    </Execution>
  </TestSettings>
  <Times creation="2015-01-19T10:13:25.0842002+03:00" queuing="2015-01-19T10:13:25.1042014+03:00" start="2015-01-19T10:13:25.1232025+03:00" finish="2015-01-19T10:13:25.3834113+03:00" />
  <ResultSummary outcome="Failed">
    <Counters total="7" executed="7" passed="6" error="0" failed="1" timeout="0" aborted="0" inconclusive="0" passedButRunAborted="0" notRunnable="0" notExecuted="0" disconnected="0" warning="0" completed="0" inProgress="0" pending="0" />
  </ResultSummary>
  <TestDefinitions>
    <UnitTest name="TwoObservationsForOneDateIsNotAllowed" storage="c:\users\vasya\desktop\gitweatherproject\weatherproject\historyofobservations\testproject\bin\debug\testproject.dll" id="b2dc3992-c018-ce93-e96f-05d349ab5bc8">
      <Execution id="1e36d6ef-d792-4be0-b820-fa2d159cc0c6" />
      <TestMethod codeBase="C:/Users/Vasya/Desktop/GitWeatherProject/WeatherProject/HistoryOfObservations/TestProject/bin/Debug/TestProject.DLL" adapterTypeName="Microsoft.VisualStudio.TestTools.TestTypes.Unit.UnitTestAdapter, Microsoft.VisualStudio.QualityTools.Tips.UnitTest.Adapter, Version=10.0.0.0, Culture=neutral, PublicKeyToken=b03f5f7f11d50a3a" className="TestProject.UnitWeatherTest, TestProject, Version=1.0.0.0, Culture=neutral, PublicKeyToken=null" name="TwoObservationsForOneDateIsNotAllowed" />
    </UnitTest>
    <UnitTest name="FirstDateOfHistoryTest" storage="c:\users\vasya\desktop\gitweatherproject\weatherproject\historyofobservations\testproject\bin\debug\testproject.dll" id="787b04a4-a5fe-52b3-942a-743b635cde2e">
      <Execution id="d6eb43d0-5064-4679-85ac-3c710c8261b9" />
      <TestMethod codeBase="C:/Users/Vasya/Desktop/GitWeatherProject/WeatherProject/HistoryOfObservations/TestProject/bin/Debug/TestProject.DLL" adapterTypeName="Microsoft.VisualStudio.TestTools.TestTypes.Unit.UnitTestAdapter, Microsoft.VisualStudio.QualityTools.Tips.UnitTest.Adapter, Version=10.0.0.0, Culture=neutral, PublicKeyToken=b03f5f7f11d50a3a" className="TestProject.UnitWeatherTest, TestProject, Version=1.0.0.0, Culture=neutral, PublicKeyToken=null" name="FirstDateOfHistoryTest" />
    </UnitTest>
    <UnitTest name="MailProviderTest" storage="c:\users\vasya\desktop\gitweatherproject\weatherproject\historyofobservations\testproject\bin\debug\testproject.dll" id="8ce59ba4-54da-1eab-17ec-b36ff8ae2a48">
      <Execution id="1bbe0334-6157-41d7-93ba-e7ac2cba4152" />
      <TestMethod codeBase="C:/Users/Vasya/Desktop/GitWeatherProject/WeatherProject/HistoryOfObservations/TestProject/bin/Debug/TestProject.DLL" adapterTypeName="Microsoft.VisualStudio.TestTools.TestTypes.Unit.UnitTestAdapter, Microsoft.VisualStudio.QualityTools.Tips.UnitTest.Adapter, Version=10.0.0.0, Culture=neutral, PublicKeyToken=b03f5f7f11d50a3a" className="TestProject.MistakeExpectedValueAnaliserTest, TestProject, Version=1.0.0.0, Culture=neutral, PublicKeyToken=null" name="MailProviderTest" />
    </UnitTest>
    <UnitTest name="GetMaximumMistaceForNDayPredictionTest" storage="c:\users\vasya\desktop\gitweatherproject\weatherproject\historyofobservations\testproject\bin\debug\testproject.dll" id="14bfe455-94d5-57a0-5628-918ec4dcc95b">
      <DeploymentItems>
        <DeploymentItem filename="HistoryOfObservations.dll" />
      </DeploymentItems>
      <Execution id="e3ff7160-c85f-45fd-b41d-2a1b10fb1607" />
      <TestMethod codeBase="C:/Users/Vasya/Desktop/GitWeatherProject/WeatherProject/HistoryOfObservations/TestProject/bin/Debug/TestProject.DLL" adapterTypeName="Microsoft.VisualStudio.TestTools.TestTypes.Unit.UnitTestAdapter, Microsoft.VisualStudio.QualityTools.Tips.UnitTest.Adapter, Version=10.0.0.0, Culture=neutral, PublicKeyToken=b03f5f7f11d50a3a" className="TestProject.MaxMistaceAnalizatorTest, TestProject, Version=1.0.0.0, Culture=neutral, PublicKeyToken=null" name="GetMaximumMistaceForNDayPredictionTest" />
    </UnitTest>
    <UnitTest name="YandexProviderTest" storage="c:\users\vasya\desktop\gitweatherproject\weatherproject\historyofobservations\testproject\bin\debug\testproject.dll" id="ab19f450-ec53-6d30-c599-4dfcbd0d6112">
      <Execution id="035c8f07-0a9d-4f0a-8fe5-29cdec99fd19" />
      <TestMethod codeBase="C:/Users/Vasya/Desktop/GitWeatherProject/WeatherProject/HistoryOfObservations/TestProject/bin/Debug/TestProject.DLL" adapterTypeName="Microsoft.VisualStudio.TestTools.TestTypes.Unit.UnitTestAdapter, Microsoft.VisualStudio.QualityTools.Tips.UnitTest.Adapter, Version=10.0.0.0, Culture=neutral, PublicKeyToken=b03f5f7f11d50a3a" className="TestProject.MistakeExpectedValueAnaliserTest, TestProject, Version=1.0.0.0, Culture=neutral, PublicKeyToken=null" name="YandexProviderTest" />
    </UnitTest>
    <UnitTest name="TestMethod1" storage="c:\users\vasya\desktop\gitweatherproject\weatherproject\historyofobservations\testproject\bin\debug\testproject.dll" id="9581082c-831d-babe-1bf3-1cd972a5011a">
      <Execution id="20695f04-d108-469c-ab9a-1e3362997c85" />
      <TestMethod codeBase="C:/Users/Vasya/Desktop/GitWeatherProject/WeatherProject/HistoryOfObservations/TestProject/bin/Debug/TestProject.DLL" adapterTypeName="Microsoft.VisualStudio.TestTools.TestTypes.Unit.UnitTestAdapter, Microsoft.VisualStudio.QualityTools.Tips.UnitTest.Adapter, Version=10.0.0.0, Culture=neutral, PublicKeyToken=b03f5f7f11d50a3a" className="TestProject.MistakeExpectedValueAnaliserTest, TestProject, Version=1.0.0.0, Culture=neutral, PublicKeyToken=null" name="TestMethod1" />
    </UnitTest>
    <UnitTest name="TwoObservationsForOneDateWithDifferentTimesIsNotAllowed" storage="c:\users\vasya\desktop\gitweatherproject\weatherproject\historyofobservations\testproject\bin\debug\testproject.dll" id="2b0277b2-aff4-7df5-f768-8bf884f8778a">
      <Execution id="adeecbab-bc6b-4ba3-947e-c01c20d9ab8d" />
      <TestMethod codeBase="C:/Users/Vasya/Desktop/GitWeatherProject/WeatherProject/HistoryOfObservations/TestProject/bin/Debug/TestProject.DLL" adapterTypeName="Microsoft.VisualStudio.TestTools.TestTypes.Unit.UnitTestAdapter, Microsoft.VisualStudio.QualityTools.Tips.UnitTest.Adapter, Version=10.0.0.0, Culture=neutral, PublicKeyToken=b03f5f7f11d50a3a" className="TestProject.UnitWeatherTest, TestProject, Version=1.0.0.0, Culture=neutral, PublicKeyToken=null" name="TwoObservationsForOneDateWithDifferentTimesIsNotAllowed" />
    </UnitTest>
  </TestDefinitions>
  <TestLists>
    <TestList name="Results Not in a List" id="8c84fa94-04c1-424b-9868-57a2d4851a1d" />
    <TestList name="All Loaded Results" id="19431567-8539-422a-85d7-44ee4e166bda" />
  </TestLists>
  <TestEntries>
    <TestEntry testId="14bfe455-94d5-57a0-5628-918ec4dcc95b" executionId="e3ff7160-c85f-45fd-b41d-2a1b10fb1607" testListId="8c84fa94-04c1-424b-9868-57a2d4851a1d" />
    <TestEntry testId="2b0277b2-aff4-7df5-f768-8bf884f8778a" executionId="adeecbab-bc6b-4ba3-947e-c01c20d9ab8d" testListId="8c84fa94-04c1-424b-9868-57a2d4851a1d" />
    <TestEntry testId="787b04a4-a5fe-52b3-942a-743b635cde2e" executionId="d6eb43d0-5064-4679-85ac-3c710c8261b9" testListId="8c84fa94-04c1-424b-9868-57a2d4851a1d" />
    <TestEntry testId="8ce59ba4-54da-1eab-17ec-b36ff8ae2a48" executionId="1bbe0334-6157-41d7-93ba-e7ac2cba4152" testListId="8c84fa94-04c1-424b-9868-57a2d4851a1d" />
    <TestEntry testId="9581082c-831d-babe-1bf3-1cd972a5011a" executionId="20695f04-d108-469c-ab9a-1e3362997c85" testListId="8c84fa94-04c1-424b-9868-57a2d4851a1d" />
    <TestEntry testId="ab19f450-ec53-6d30-c599-4dfcbd0d6112" executionId="035c8f07-0a9d-4f0a-8fe5-29cdec99fd19" testListId="8c84fa94-04c1-424b-9868-57a2d4851a1d" />
    <TestEntry testId="b2dc3992-c018-ce93-e96f-05d349ab5bc8" executionId="1e36d6ef-d792-4be0-b820-fa2d159cc0c6" testListId="8c84fa94-04c1-424b-9868-57a2d4851a1d" />
  </TestEntries>
  <Results>
    <UnitTestResult executionId="e3ff7160-c85f-45fd-b41d-2a1b10fb1607" testId="14bfe455-94d5-57a0-5628-918ec4dcc95b" testName="GetMaximumMistaceForNDayPredictionTest" computerName="TP-X220-2" duration="00:00:00.0136413" startTime="2015-01-19T10:13:25.1262026+03:00" endTime="2015-01-19T10:13:25.2898111+03:00" testType="13cdc9d9-ddb5-4fa4-a97d-d965ccfc6d4b" outcome="Passed" testListId="8c84fa94-04c1-424b-9868-57a2d4851a1d" relativeResultsDirectory="e3ff7160-c85f-45fd-b41d-2a1b10fb1607">
    </UnitTestResult>
    <UnitTestResult executionId="adeecbab-bc6b-4ba3-947e-c01c20d9ab8d" testId="2b0277b2-aff4-7df5-f768-8bf884f8778a" testName="TwoObservationsForOneDateWithDifferentTimesIsNotAllowed" computerName="TP-X220-2" duration="00:00:00.0023304" startTime="2015-01-19T10:13:25.2898111+03:00" endTime="2015-01-19T10:13:25.3054112+03:00" testType="13cdc9d9-ddb5-4fa4-a97d-d965ccfc6d4b" outcome="Passed" testListId="8c84fa94-04c1-424b-9868-57a2d4851a1d" relativeResultsDirectory="adeecbab-bc6b-4ba3-947e-c01c20d9ab8d">
    </UnitTestResult>
    <UnitTestResult executionId="d6eb43d0-5064-4679-85ac-3c710c8261b9" testId="787b04a4-a5fe-52b3-942a-743b635cde2e" testName="FirstDateOfHistoryTest" computerName="TP-X220-2" duration="00:00:00.0002963" startTime="2015-01-19T10:13:25.3054112+03:00" endTime="2015-01-19T10:13:25.3054112+03:00" testType="13cdc9d9-ddb5-4fa4-a97d-d965ccfc6d4b" outcome="Passed" testListId="8c84fa94-04c1-424b-9868-57a2d4851a1d" relativeResultsDirectory="d6eb43d0-5064-4679-85ac-3c710c8261b9">
    </UnitTestResult>
    <UnitTestResult executionId="1bbe0334-6157-41d7-93ba-e7ac2cba4152" testId="8ce59ba4-54da-1eab-17ec-b36ff8ae2a48" testName="MailProviderTest" computerName="TP-X220-2" duration="00:00:00.0518515" startTime="2015-01-19T10:13:25.3054112+03:00" endTime="2015-01-19T10:13:25.3522112+03:00" testType="13cdc9d9-ddb5-4fa4-a97d-d965ccfc6d4b" outcome="Failed" testListId="8c84fa94-04c1-424b-9868-57a2d4851a1d" relativeResultsDirectory="1bbe0334-6157-41d7-93ba-e7ac2cba4152">
      <Output>
        <ErrorInfo>
          <Message>Test method TestProject.MistakeExpectedValueAnaliserTest.MailProviderTest threw exception: 
System.NullReferenceException: Object reference not set to an instance of an object.</Message>
          <StackTrace>    at HistoryOfObservations.Providers.MailRuWeatherProvider.getTempOfADayFromTempTagCollection(HtmlNodeCollection tempers, Int32 days) in C:\Users\Vasya\Desktop\GitWeatherProject\WeatherProject\HistoryOfObservations\HistoryOfObservations\Providers\MailRuWeatherProvider.cs:line 40
   at HistoryOfObservations.Providers.MailRuWeatherProvider.GetDayliObservation() in C:\Users\Vasya\Desktop\GitWeatherProject\WeatherProject\HistoryOfObservations\HistoryOfObservations\Providers\MailRuWeatherProvider.cs:line 28
   at TestProject.MistakeExpectedValueAnaliserTest.MailProviderTest() in C:\Users\Vasya\Desktop\GitWeatherProject\WeatherProject\HistoryOfObservations\TestProject\MistakeExpectedValueAnaliserTest.cs:line 65
</StackTrace>
        </ErrorInfo>
      </Output>
    </UnitTestResult>
    <UnitTestResult executionId="20695f04-d108-469c-ab9a-1e3362997c85" testId="9581082c-831d-babe-1bf3-1cd972a5011a" testName="TestMethod1" computerName="TP-X220-2" duration="00:00:00.0016760" startTime="2015-01-19T10:13:25.3522112+03:00" endTime="2015-01-19T10:13:25.3678113+03:00" testType="13cdc9d9-ddb5-4fa4-a97d-d965ccfc6d4b" outcome="Passed" testListId="8c84fa94-04c1-424b-9868-57a2d4851a1d" relativeResultsDirectory="20695f04-d108-469c-ab9a-1e3362997c85">
    </UnitTestResult>
    <UnitTestResult executionId="035c8f07-0a9d-4f0a-8fe5-29cdec99fd19" testId="ab19f450-ec53-6d30-c599-4dfcbd0d6112" testName="YandexProviderTest" computerName="TP-X220-2" duration="00:00:00.0101181" startTime="2015-01-19T10:13:25.3678113+03:00" endTime="2015-01-19T10:13:25.3834113+03:00" testType="13cdc9d9-ddb5-4fa4-a97d-d965ccfc6d4b" outcome="Passed" testListId="8c84fa94-04c1-424b-9868-57a2d4851a1d" relativeResultsDirectory="035c8f07-0a9d-4f0a-8fe5-29cdec99fd19">
    </UnitTestResult>
    <UnitTestResult executionId="1e36d6ef-d792-4be0-b820-fa2d159cc0c6" testId="b2dc3992-c018-ce93-e96f-05d349ab5bc8" testName="TwoObservationsForOneDateIsNotAllowed" computerName="TP-X220-2" duration="00:00:00.0007061" startTime="2015-01-19T10:13:25.3834113+03:00" endTime="2015-01-19T10:13:25.3834113+03:00" testType="13cdc9d9-ddb5-4fa4-a97d-d965ccfc6d4b" outcome="Passed" testListId="8c84fa94-04c1-424b-9868-57a2d4851a1d" relativeResultsDirectory="1e36d6ef-d792-4be0-b820-fa2d159cc0c6">
    </UnitTestResult>
  </Results>
</TestRun>