<?xml version="1.0" encoding="UTF-8"?>
<TestRun id="d2fe0578-d69f-4c1c-8913-936fe336b43d" name="Vasya@TP-X220-2 2015-01-19 10:12:56" runUser="TP-X220-2\Vasya" xmlns="http://microsoft.com/schemas/VisualStudio/TeamTest/2010">
  <TestSettings name="Local" id="8084e574-4d63-4013-b7c3-116ebeeb94fb">
    <Description>These are default test settings for a local test run.</Description>
    <Deployment enabled="false" runDeploymentRoot="Vasya_TP-X220-2 2015-01-19 10_12_56">
      <DeploymentItem filename="C:\Users\Vasya\Desktop\GitWeatherProject\WeatherProject\HistoryOfObservations\HistoryOfObservations\bin\Debug\HistoryOfObservations.dll" />
    </Deployment>
    <Execution>
      <TestTypeSpecific />
      <AgentRule name="Execution Agents">
      </AgentRule>
    </Execution>
  </TestSettings>
  <Times creation="2015-01-19T10:12:56.1536538+03:00" queuing="2015-01-19T10:12:56.3376644+03:00" start="2015-01-19T10:12:56.3526652+03:00" finish="2015-01-19T10:12:56.7926904+03:00" />
  <ResultSummary outcome="Failed">
    <Counters total="7" executed="7" passed="6" error="0" failed="1" timeout="0" aborted="0" inconclusive="0" passedButRunAborted="0" notRunnable="0" notExecuted="0" disconnected="0" warning="0" completed="0" inProgress="0" pending="0" />
  </ResultSummary>
  <TestDefinitions>
    <UnitTest name="TwoObservationsForOneDateIsNotAllowed" storage="c:\users\vasya\desktop\gitweatherproject\weatherproject\historyofobservations\testproject\bin\debug\testproject.dll" id="b2dc3992-c018-ce93-e96f-05d349ab5bc8">
      <Execution id="78471ba8-866f-4b5b-b81a-4bb335209c6a" />
      <TestMethod codeBase="C:/Users/Vasya/Desktop/GitWeatherProject/WeatherProject/HistoryOfObservations/TestProject/bin/Debug/TestProject.DLL" adapterTypeName="Microsoft.VisualStudio.TestTools.TestTypes.Unit.UnitTestAdapter, Microsoft.VisualStudio.QualityTools.Tips.UnitTest.Adapter, Version=10.0.0.0, Culture=neutral, PublicKeyToken=b03f5f7f11d50a3a" className="TestProject.UnitWeatherTest, TestProject, Version=1.0.0.0, Culture=neutral, PublicKeyToken=null" name="TwoObservationsForOneDateIsNotAllowed" />
    </UnitTest>
    <UnitTest name="FirstDateOfHistoryTest" storage="c:\users\vasya\desktop\gitweatherproject\weatherproject\historyofobservations\testproject\bin\debug\testproject.dll" id="787b04a4-a5fe-52b3-942a-743b635cde2e">
      <Execution id="7997b6c1-2858-4887-a597-843e3fc32f1a" />
      <TestMethod codeBase="C:/Users/Vasya/Desktop/GitWeatherProject/WeatherProject/HistoryOfObservations/TestProject/bin/Debug/TestProject.DLL" adapterTypeName="Microsoft.VisualStudio.TestTools.TestTypes.Unit.UnitTestAdapter, Microsoft.VisualStudio.QualityTools.Tips.UnitTest.Adapter, Version=10.0.0.0, Culture=neutral, PublicKeyToken=b03f5f7f11d50a3a" className="TestProject.UnitWeatherTest, TestProject, Version=1.0.0.0, Culture=neutral, PublicKeyToken=null" name="FirstDateOfHistoryTest" />
    </UnitTest>
    <UnitTest name="MailProviderTest" storage="c:\users\vasya\desktop\gitweatherproject\weatherproject\historyofobservations\testproject\bin\debug\testproject.dll" id="8ce59ba4-54da-1eab-17ec-b36ff8ae2a48">
      <Execution id="c700c58f-3c13-453f-9e3a-d3871611c954" />
      <TestMethod codeBase="C:/Users/Vasya/Desktop/GitWeatherProject/WeatherProject/HistoryOfObservations/TestProject/bin/Debug/TestProject.DLL" adapterTypeName="Microsoft.VisualStudio.TestTools.TestTypes.Unit.UnitTestAdapter, Microsoft.VisualStudio.QualityTools.Tips.UnitTest.Adapter, Version=10.0.0.0, Culture=neutral, PublicKeyToken=b03f5f7f11d50a3a" className="TestProject.MistakeExpectedValueAnaliserTest, TestProject, Version=1.0.0.0, Culture=neutral, PublicKeyToken=null" name="MailProviderTest" />
    </UnitTest>
    <UnitTest name="GetMaximumMistaceForNDayPredictionTest" storage="c:\users\vasya\desktop\gitweatherproject\weatherproject\historyofobservations\testproject\bin\debug\testproject.dll" id="14bfe455-94d5-57a0-5628-918ec4dcc95b">
      <DeploymentItems>
        <DeploymentItem filename="HistoryOfObservations.dll" />
      </DeploymentItems>
      <Execution id="1a66bbb9-00dc-4f7a-9f17-8d7fdcff685d" />
      <TestMethod codeBase="C:/Users/Vasya/Desktop/GitWeatherProject/WeatherProject/HistoryOfObservations/TestProject/bin/Debug/TestProject.DLL" adapterTypeName="Microsoft.VisualStudio.TestTools.TestTypes.Unit.UnitTestAdapter, Microsoft.VisualStudio.QualityTools.Tips.UnitTest.Adapter, Version=10.0.0.0, Culture=neutral, PublicKeyToken=b03f5f7f11d50a3a" className="TestProject.MaxMistaceAnalizatorTest, TestProject, Version=1.0.0.0, Culture=neutral, PublicKeyToken=null" name="GetMaximumMistaceForNDayPredictionTest" />
    </UnitTest>
    <UnitTest name="YandexProviderTest" storage="c:\users\vasya\desktop\gitweatherproject\weatherproject\historyofobservations\testproject\bin\debug\testproject.dll" id="ab19f450-ec53-6d30-c599-4dfcbd0d6112">
      <Execution id="bf5874d3-3b3f-43a0-b735-435960bb1544" />
      <TestMethod codeBase="C:/Users/Vasya/Desktop/GitWeatherProject/WeatherProject/HistoryOfObservations/TestProject/bin/Debug/TestProject.DLL" adapterTypeName="Microsoft.VisualStudio.TestTools.TestTypes.Unit.UnitTestAdapter, Microsoft.VisualStudio.QualityTools.Tips.UnitTest.Adapter, Version=10.0.0.0, Culture=neutral, PublicKeyToken=b03f5f7f11d50a3a" className="TestProject.MistakeExpectedValueAnaliserTest, TestProject, Version=1.0.0.0, Culture=neutral, PublicKeyToken=null" name="YandexProviderTest" />
    </UnitTest>
    <UnitTest name="TestMethod1" storage="c:\users\vasya\desktop\gitweatherproject\weatherproject\historyofobservations\testproject\bin\debug\testproject.dll" id="9581082c-831d-babe-1bf3-1cd972a5011a">
      <Execution id="03a8bbf6-aeb0-4413-bd33-3248e9287c33" />
      <TestMethod codeBase="C:/Users/Vasya/Desktop/GitWeatherProject/WeatherProject/HistoryOfObservations/TestProject/bin/Debug/TestProject.DLL" adapterTypeName="Microsoft.VisualStudio.TestTools.TestTypes.Unit.UnitTestAdapter, Microsoft.VisualStudio.QualityTools.Tips.UnitTest.Adapter, Version=10.0.0.0, Culture=neutral, PublicKeyToken=b03f5f7f11d50a3a" className="TestProject.MistakeExpectedValueAnaliserTest, TestProject, Version=1.0.0.0, Culture=neutral, PublicKeyToken=null" name="TestMethod1" />
    </UnitTest>
    <UnitTest name="TwoObservationsForOneDateWithDifferentTimesIsNotAllowed" storage="c:\users\vasya\desktop\gitweatherproject\weatherproject\historyofobservations\testproject\bin\debug\testproject.dll" id="2b0277b2-aff4-7df5-f768-8bf884f8778a">
      <Execution id="4bc7c6af-c1f3-4e71-965f-b7ac1defb1d5" />
      <TestMethod codeBase="C:/Users/Vasya/Desktop/GitWeatherProject/WeatherProject/HistoryOfObservations/TestProject/bin/Debug/TestProject.DLL" adapterTypeName="Microsoft.VisualStudio.TestTools.TestTypes.Unit.UnitTestAdapter, Microsoft.VisualStudio.QualityTools.Tips.UnitTest.Adapter, Version=10.0.0.0, Culture=neutral, PublicKeyToken=b03f5f7f11d50a3a" className="TestProject.UnitWeatherTest, TestProject, Version=1.0.0.0, Culture=neutral, PublicKeyToken=null" name="TwoObservationsForOneDateWithDifferentTimesIsNotAllowed" />
    </UnitTest>
  </TestDefinitions>
  <TestLists>
    <TestList name="Results Not in a List" id="8c84fa94-04c1-424b-9868-57a2d4851a1d" />
    <TestList name="All Loaded Results" id="19431567-8539-422a-85d7-44ee4e166bda" />
  </TestLists>
  <TestEntries>
    <TestEntry testId="14bfe455-94d5-57a0-5628-918ec4dcc95b" executionId="1a66bbb9-00dc-4f7a-9f17-8d7fdcff685d" testListId="8c84fa94-04c1-424b-9868-57a2d4851a1d" />
    <TestEntry testId="2b0277b2-aff4-7df5-f768-8bf884f8778a" executionId="4bc7c6af-c1f3-4e71-965f-b7ac1defb1d5" testListId="8c84fa94-04c1-424b-9868-57a2d4851a1d" />
    <TestEntry testId="787b04a4-a5fe-52b3-942a-743b635cde2e" executionId="7997b6c1-2858-4887-a597-843e3fc32f1a" testListId="8c84fa94-04c1-424b-9868-57a2d4851a1d" />
    <TestEntry testId="8ce59ba4-54da-1eab-17ec-b36ff8ae2a48" executionId="c700c58f-3c13-453f-9e3a-d3871611c954" testListId="8c84fa94-04c1-424b-9868-57a2d4851a1d" />
    <TestEntry testId="9581082c-831d-babe-1bf3-1cd972a5011a" executionId="03a8bbf6-aeb0-4413-bd33-3248e9287c33" testListId="8c84fa94-04c1-424b-9868-57a2d4851a1d" />
    <TestEntry testId="ab19f450-ec53-6d30-c599-4dfcbd0d6112" executionId="bf5874d3-3b3f-43a0-b735-435960bb1544" testListId="8c84fa94-04c1-424b-9868-57a2d4851a1d" />
    <TestEntry testId="b2dc3992-c018-ce93-e96f-05d349ab5bc8" executionId="78471ba8-866f-4b5b-b81a-4bb335209c6a" testListId="8c84fa94-04c1-424b-9868-57a2d4851a1d" />
  </TestEntries>
  <Results>
    <UnitTestResult executionId="1a66bbb9-00dc-4f7a-9f17-8d7fdcff685d" testId="14bfe455-94d5-57a0-5628-918ec4dcc95b" testName="GetMaximumMistaceForNDayPredictionTest" computerName="TP-X220-2" duration="00:00:00.0153383" startTime="2015-01-19T10:12:56.3556654+03:00" endTime="2015-01-19T10:12:56.5236750+03:00" testType="13cdc9d9-ddb5-4fa4-a97d-d965ccfc6d4b" outcome="Passed" testListId="8c84fa94-04c1-424b-9868-57a2d4851a1d" relativeResultsDirectory="1a66bbb9-00dc-4f7a-9f17-8d7fdcff685d">
    </UnitTestResult>
    <UnitTestResult executionId="4bc7c6af-c1f3-4e71-965f-b7ac1defb1d5" testId="2b0277b2-aff4-7df5-f768-8bf884f8778a" testName="TwoObservationsForOneDateWithDifferentTimesIsNotAllowed" computerName="TP-X220-2" duration="00:00:00.0024811" startTime="2015-01-19T10:12:56.5236750+03:00" endTime="2015-01-19T10:12:56.5286753+03:00" testType="13cdc9d9-ddb5-4fa4-a97d-d965ccfc6d4b" outcome="Passed" testListId="8c84fa94-04c1-424b-9868-57a2d4851a1d" relativeResultsDirectory="4bc7c6af-c1f3-4e71-965f-b7ac1defb1d5">
    </UnitTestResult>
    <UnitTestResult executionId="7997b6c1-2858-4887-a597-843e3fc32f1a" testId="787b04a4-a5fe-52b3-942a-743b635cde2e" testName="FirstDateOfHistoryTest" computerName="TP-X220-2" duration="00:00:00.0002910" startTime="2015-01-19T10:12:56.5296753+03:00" endTime="2015-01-19T10:12:56.5316755+03:00" testType="13cdc9d9-ddb5-4fa4-a97d-d965ccfc6d4b" outcome="Passed" testListId="8c84fa94-04c1-424b-9868-57a2d4851a1d" relativeResultsDirectory="7997b6c1-2858-4887-a597-843e3fc32f1a">
    </UnitTestResult>
    <UnitTestResult executionId="c700c58f-3c13-453f-9e3a-d3871611c954" testId="8ce59ba4-54da-1eab-17ec-b36ff8ae2a48" testName="MailProviderTest" computerName="TP-X220-2" duration="00:00:00.0536486" startTime="2015-01-19T10:12:56.5326755+03:00" endTime="2015-01-19T10:12:56.5876787+03:00" testType="13cdc9d9-ddb5-4fa4-a97d-d965ccfc6d4b" outcome="Failed" testListId="8c84fa94-04c1-424b-9868-57a2d4851a1d" relativeResultsDirectory="c700c58f-3c13-453f-9e3a-d3871611c954">
      <Output>
        <ErrorInfo>
          <Message>Test method TestProject.MistakeExpectedValueAnaliserTest.MailProviderTest threw exception: 
System.NullReferenceException: Object reference not set to an instance of an object.</Message>
          <StackTrace>    at HistoryOfObservations.Providers.MailRuWeatherProvider.getTempOfADayFromTempTagCollection(HtmlNodeCollection tempers, Int32 days) in C:\Users\Vasya\Desktop\GitWeatherProject\WeatherProject\HistoryOfObservations\HistoryOfObservations\Providers\MailRuWeatherProvider.cs:line 40
   at HistoryOfObservations.Providers.MailRuWeatherProvider.GetDayliObservation() in C:\Users\Vasya\Desktop\GitWeatherProject\WeatherProject\HistoryOfObservations\HistoryOfObservations\Providers\MailRuWeatherProvider.cs:line 28
   at TestProject.MistakeExpectedValueAnaliserTest.MailProviderTest() in C:\Users\Vasya\Desktop\GitWeatherProject\WeatherProject\HistoryOfObservations\TestProject\MistakeExpectedValueAnaliserTest.cs:line 65
</StackTrace>
        </ErrorInfo>
      </Output>
    </UnitTestResult>
    <UnitTestResult executionId="03a8bbf6-aeb0-4413-bd33-3248e9287c33" testId="9581082c-831d-babe-1bf3-1cd972a5011a" testName="TestMethod1" computerName="TP-X220-2" duration="00:00:00.0015778" startTime="2015-01-19T10:12:56.5886787+03:00" endTime="2015-01-19T10:12:56.5916789+03:00" testType="13cdc9d9-ddb5-4fa4-a97d-d965ccfc6d4b" outcome="Passed" testListId="8c84fa94-04c1-424b-9868-57a2d4851a1d" relativeResultsDirectory="03a8bbf6-aeb0-4413-bd33-3248e9287c33">
    </UnitTestResult>
    <UnitTestResult executionId="bf5874d3-3b3f-43a0-b735-435960bb1544" testId="ab19f450-ec53-6d30-c599-4dfcbd0d6112" testName="YandexProviderTest" computerName="TP-X220-2" duration="00:00:00.0098422" startTime="2015-01-19T10:12:56.5926789+03:00" endTime="2015-01-19T10:12:56.6046796+03:00" testType="13cdc9d9-ddb5-4fa4-a97d-d965ccfc6d4b" outcome="Passed" testListId="8c84fa94-04c1-424b-9868-57a2d4851a1d" relativeResultsDirectory="bf5874d3-3b3f-43a0-b735-435960bb1544">
    </UnitTestResult>
    <UnitTestResult executionId="78471ba8-866f-4b5b-b81a-4bb335209c6a" testId="b2dc3992-c018-ce93-e96f-05d349ab5bc8" testName="TwoObservationsForOneDateIsNotAllowed" computerName="TP-X220-2" duration="00:00:00.0010170" startTime="2015-01-19T10:12:56.6056797+03:00" endTime="2015-01-19T10:12:56.6086799+03:00" testType="13cdc9d9-ddb5-4fa4-a97d-d965ccfc6d4b" outcome="Passed" testListId="8c84fa94-04c1-424b-9868-57a2d4851a1d" relativeResultsDirectory="78471ba8-866f-4b5b-b81a-4bb335209c6a">
    </UnitTestResult>
  </Results>
</TestRun>