<?xml version="1.0" encoding="UTF-8"?>
<TestRun id="64c73862-7a07-438e-9e6a-ec09ca9756af" name="Vasya@TP-X220-2 2015-01-19 10:21:48" runUser="TP-X220-2\Vasya" xmlns="http://microsoft.com/schemas/VisualStudio/TeamTest/2010">
  <TestSettings name="Local" id="8084e574-4d63-4013-b7c3-116ebeeb94fb">
    <Description>These are default test settings for a local test run.</Description>
    <Deployment userDeploymentRoot="C:\Users\Vasya\Desktop\GitWeatherProject\WeatherProject\HistoryOfObservations\TestResults" useDefaultDeploymentRoot="false" enabled="false" runDeploymentRoot="Vasya_TP-X220-2 2015-01-19 10_21_48">
      <DeploymentItem filename="C:\Users\Vasya\Desktop\GitWeatherProject\WeatherProject\HistoryOfObservations\HistoryOfObservations\bin\Debug\HistoryOfObservations.dll" />
    </Deployment>
    <Execution>
      <TestTypeSpecific />
      <AgentRule name="Execution Agents">
      </AgentRule>
    </Execution>
  </TestSettings>
  <Times creation="2015-01-19T10:21:48.5729668+03:00" queuing="2015-01-19T10:21:48.5939680+03:00" start="2015-01-19T10:21:48.5999683+03:00" finish="2015-01-19T10:21:59.5535948+03:00" />
  <ResultSummary outcome="Completed">
    <Counters total="1" executed="1" passed="1" error="0" failed="0" timeout="0" aborted="0" inconclusive="0" passedButRunAborted="0" notRunnable="0" notExecuted="0" disconnected="0" warning="0" completed="0" inProgress="0" pending="0" />
  </ResultSummary>
  <TestDefinitions>
    <UnitTest name="MailProviderTest" storage="c:\users\vasya\desktop\gitweatherproject\weatherproject\historyofobservations\testproject\bin\debug\testproject.dll" id="8ce59ba4-54da-1eab-17ec-b36ff8ae2a48">
      <Execution id="721b5a14-1390-4357-85b8-3f8b32c3aae6" />
      <TestMethod codeBase="C:/Users/Vasya/Desktop/GitWeatherProject/WeatherProject/HistoryOfObservations/TestProject/bin/Debug/TestProject.DLL" adapterTypeName="Microsoft.VisualStudio.TestTools.TestTypes.Unit.UnitTestAdapter, Microsoft.VisualStudio.QualityTools.Tips.UnitTest.Adapter, Version=10.0.0.0, Culture=neutral, PublicKeyToken=b03f5f7f11d50a3a" className="TestProject.MistakeExpectedValueAnaliserTest, TestProject, Version=1.0.0.0, Culture=neutral, PublicKeyToken=null" name="MailProviderTest" />
    </UnitTest>
  </TestDefinitions>
  <TestLists>
    <TestList name="Results Not in a List" id="8c84fa94-04c1-424b-9868-57a2d4851a1d" />
    <TestList name="All Loaded Results" id="19431567-8539-422a-85d7-44ee4e166bda" />
  </TestLists>
  <TestEntries>
    <TestEntry testId="8ce59ba4-54da-1eab-17ec-b36ff8ae2a48" executionId="721b5a14-1390-4357-85b8-3f8b32c3aae6" testListId="8c84fa94-04c1-424b-9868-57a2d4851a1d" />
  </TestEntries>
  <Results>
    <UnitTestResult executionId="721b5a14-1390-4357-85b8-3f8b32c3aae6" testId="8ce59ba4-54da-1eab-17ec-b36ff8ae2a48" testName="MailProviderTest" computerName="TP-X220-2" duration="00:00:10.7857742" startTime="2015-01-19T10:21:48.6009684+03:00" endTime="2015-01-19T10:21:59.5235931+03:00" testType="13cdc9d9-ddb5-4fa4-a97d-d965ccfc6d4b" outcome="Passed" testListId="8c84fa94-04c1-424b-9868-57a2d4851a1d" relativeResultsDirectory="721b5a14-1390-4357-85b8-3f8b32c3aae6">
    </UnitTestResult>
  </Results>
</TestRun>